[03:48:19] alt:V Server 6.1 (release)
[03:48:19] Starting alt:V Quick Start on 0.0.0.0:7788
[03:48:19] Loading resource example
[03:48:19] [92mLoaded: events/playerConnect[39m
[03:48:19] [92mLoaded: events/playerConnect[39m
[03:48:19] [92mLoaded: events/playerDisconnect[39m
[03:48:19] [96mThe resource has now started! PogChamp[39m
[03:48:19] Loaded resource example
[03:48:19] Loading resource altv-discord-auth
[03:48:19] Loaded resource altv-discord-auth
[03:48:19] Required server permissions:
[03:48:19] Optional server permissions:
[03:48:19] Starting HTTP server on 0.0.0.0:7788
[03:48:19] Main thread started (ThreadId: 19048)
[03:48:19] Colshape thread started (ThreadId: 19376)
[03:48:19] EntityStreamer thread started (ThreadId: 15156)
[03:48:19] Network thread started (ThreadId: 13240)
[03:48:19] Console thread started (ThreadId: 19312)
[03:48:19] Server started
[03:48:19][Warning] resourceManager.Update() took: 77 ms
[03:48:23][Warning] resourceManager.Update() took: 3653 ms
[03:48:24] Refreshing Whitelist
[03:48:24] Refreshed Whitelist. Whitelisted Members: 4
[03:48:26] Stopping resource example
[03:48:26] Stopped resource example
[03:48:26] Stopping resource altv-discord-auth
[03:48:26] Stopped resource altv-discord-auth
[03:48:26] Server shutdown
